<?xml version="1.0" encoding="UTF-8"?>
<!-- Generated by org.testng.reporters.JUnitReportReporter -->
<testsuite skipped="0" hostname="ATMECSINLT-657" name="com.birst.testscripts.BirstVerification" tests="1" failures="0" timestamp="22 May 2021 18:29:43 GMT" time="17.367" errors="0">
  <testcase name="verifyBirst" time="17.367" classname="com.birst.testscripts.BirstVerification"/>
</testsuite> <!-- com.birst.testscripts.BirstVerification -->
