<?xml version="1.0" encoding="UTF-8"?>
<!-- Generated by org.testng.reporters.JUnitReportReporter -->
<testsuite skipped="0" hostname="ATMECSINLT-657" name="com.birst.excercise.testscripts.BirstVerification" tests="1" failures="0" timestamp="22 May 2021 18:07:13 GMT" time="44.398" errors="0">
  <testcase name="verifyBirst" time="44.398" classname="com.birst.excercise.testscripts.BirstVerification"/>
</testsuite> <!-- com.birst.excercise.testscripts.BirstVerification -->
