<?xml version="1.0" encoding="UTF-8"?>
<!-- Generated by org.testng.reporters.JUnitReportReporter -->
<testsuite skipped="0" hostname="ATMECSINLT-657" name="com.birst.excercise.testscripts.BirstVerification" tests="1" failures="0" timestamp="22 May 2021 15:18:31 GMT" time="24.768" errors="0">
  <testcase name="verifyBirst" time="24.768" classname="com.birst.excercise.testscripts.BirstVerification"/>
</testsuite> <!-- com.birst.excercise.testscripts.BirstVerification -->
